<?xml version="1.0" encoding="UTF-8"?>
<!-- Generated by org.testng.reporters.JUnitXMLReporter -->
<testsuite ignored="0" hostname="CPU-0190" failures="1" tests="1" name="audit" time="28.921" errors="0" timestamp="2023-06-06T12:54:31 IST">
  <testcase classname="ui.tests.auditTrail.QA_002_verifyNoOfUserInPage" name="verify_size" time="17.482">
    <failure type="java.lang.AssertionError" message="expected [true] but found [false]">
      <![CDATA[java.lang.AssertionError: expected [true] but found [false]
at ui.tests.auditTrail.QA_002_verifyNoOfUserInPage.verify_size(QA_002_verifyNoOfUserInPage.java:24)
at java.base/java.util.ArrayList.forEach(ArrayList.java:1511)
... Removed 32 stack frames]]>
    </failure>
  </testcase> <!-- verify_size -->
</testsuite> <!-- audit -->
