<?xml version="1.0" encoding="UTF-8"?>
<!-- Generated by org.testng.reporters.JUnitXMLReporter -->
<testsuite ignored="0" hostname="CPU-0122" failures="2" tests="2" name="2" time="31.53" errors="0" timestamp="2023-05-22T11:33:13 IST">
  <testcase classname="ui.tests.deals.QA_002_ValidateHelpButton" name="createDeal" time="19.47">
    <failure type="java.lang.AssertionError" message="expected [FreeCRM: Online Hel] but found [FreeCRM: Online Help]">
      <![CDATA[java.lang.AssertionError: expected [FreeCRM: Online Hel] but found [FreeCRM: Online Help]
at ui.tests.deals.QA_002_ValidateHelpButton.createDeal(QA_002_ValidateHelpButton.java:38)
at java.base/java.util.ArrayList.forEach(ArrayList.java:1511)
... Removed 33 stack frames]]>
    </failure>
  </testcase> <!-- createDeal -->
  <testcase classname="ui.tests.deals.QA_002_ValidateHelpButton" name="createDeal" time="31.454">
    <failure type="java.lang.IllegalArgumentException" message="ScreenCapture path must not be null or empty">
      <![CDATA[java.lang.IllegalArgumentException: ScreenCapture path must not be null or empty
at com.aventstack.extentreports.util.Assert.notEmpty(Assert.java:12)
at com.aventstack.extentreports.MediaEntityBuilder.createScreenCaptureFromPath(MediaEntityBuilder.java:34)
at com.aventstack.extentreports.MediaEntityBuilder.createScreenCaptureFromPath(MediaEntityBuilder.java:40)
at com.qa.ExtentReportListener.TestListeners.onTestFailure(TestListeners.java:59)
at java.base/java.util.ArrayList.forEach(ArrayList.java:1511)
... Removed 24 stack frames]]>
    </failure>
  </testcase> <!-- createDeal -->
</testsuite> <!-- 2 -->
