<?xml version="1.0" encoding="UTF-8"?>
<!-- Generated by org.testng.reporters.JUnitXMLReporter -->
<testsuite ignored="0" hostname="CPU-0122" failures="2" tests="2" name="audit" time="15.858" errors="0" timestamp="2023-05-30T13:20:12 IST">
  <testcase classname="ui.tests.auditTrail.QA_002_verifyNoOfUserInPage" name="verify_size" time="0.003">
    <failure type="java.lang.NullPointerException" message="Cannot invoke &amp;quot;com.aventstack.extentreports.ExtentTest.createNode(String)&amp;quot; because &amp;quot;com.qa.ExtentReportListener.TestListeners.test&amp;quot; is null">
      <![CDATA[java.lang.NullPointerException: Cannot invoke "com.aventstack.extentreports.ExtentTest.createNode(String)" because "com.qa.ExtentReportListener.TestListeners.test" is null
at com.qa.ExtentReportListener.TestListeners.onTestStart(TestListeners.java:41)
at java.base/java.util.ArrayList.forEach(ArrayList.java:1511)
... Removed 25 stack frames]]>
    </failure>
  </testcase> <!-- verify_size -->
  <testcase classname="ui.tests.auditTrail.QA_002_verifyNoOfUserInPage" name="verify_size" time="15.118">
    <failure type="java.lang.NullPointerException" message="Cannot invoke &amp;quot;com.aventstack.extentreports.ExtentTest.fail(String)&amp;quot; because &amp;quot;com.qa.ExtentReportListener.TestListeners.test&amp;quot; is null">
      <![CDATA[java.lang.NullPointerException: Cannot invoke "com.aventstack.extentreports.ExtentTest.fail(String)" because "com.qa.ExtentReportListener.TestListeners.test" is null
at com.qa.ExtentReportListener.TestListeners.onTestFailure(TestListeners.java:59)
at java.base/java.util.ArrayList.forEach(ArrayList.java:1511)
... Removed 25 stack frames]]>
    </failure>
  </testcase> <!-- verify_size -->
</testsuite> <!-- audit -->
