<?xml version="1.0" encoding="UTF-8"?>
<!-- Generated by org.testng.reporters.JUnitXMLReporter -->
<testsuite ignored="0" hostname="CPU-0122" failures="0" tests="1" name="audit2" time="0.008" errors="0" timestamp="2023-05-30T13:21:56 IST">
  <testcase classname="Utility.Methods" name="@BeforeSuite createNode" time="0.0">
    <failure type="java.lang.NullPointerException" message="Cannot invoke &amp;quot;com.aventstack.extentreports.ExtentReports.createTest(String)&amp;quot; because &amp;quot;com.qa.ExtentReportListener.TestListeners.extent&amp;quot; is null">
      <![CDATA[java.lang.NullPointerException: Cannot invoke "com.aventstack.extentreports.ExtentReports.createTest(String)" because "com.qa.ExtentReportListener.TestListeners.extent" is null
at Utility.Methods.createNode(Methods.java:53)
... Removed 20 stack frames]]>
    </failure>
  </testcase> <!-- @BeforeSuite createNode -->
  <testcase classname="Utility.Methods" name="@BeforeMethod setUp" time="-1.685433116561E9">
    <skipped/>
  </testcase> <!-- @BeforeMethod setUp -->
  <testcase classname="Utility.Methods" name="@AfterMethod tearDown" time="-1.685433116567E9">
    <skipped/>
  </testcase> <!-- @AfterMethod tearDown -->
  <testcase classname="ui.tests.auditTrail.QA_001_VerifyUserName" name="verifyUserName" time="0.0">
    <skipped/>
  </testcase> <!-- verifyUserName -->
</testsuite> <!-- audit2 -->
