<?xml version="1.0" encoding="UTF-8"?>
<testng-results ignored="0" total="1" passed="1" failed="0" skipped="0">
  <reporter-output>
  </reporter-output>
  <suite started-at="2023-06-07T09:25:16 IST" name="Suite" finished-at="2023-06-07T09:25:47 IST" duration-ms="30670">
    <groups>
    </groups>
    <test started-at="2023-06-07T09:25:16 IST" name="1" finished-at="2023-06-07T09:25:47 IST" duration-ms="30670">
      <class name="ui.tests.home.QA_001_ValidateNoCompanyLoadedButton">
        <test-method is-config="true" signature="createNode(org.testng.ITestContext)[pri:0, instance:ui.tests.home.QA_001_ValidateNoCompanyLoadedButton@3ad2e17]" started-at="2023-06-07T09:25:16 IST" name="createNode" finished-at="2023-06-07T09:25:16 IST" duration-ms="13" status="PASS">
          <params>
            <param index="0">
              <value>
                <![CDATA[org.testng.TestRunner@6b63abdc]]>
              </value>
            </param>
          </params>
          <reporter-output>
          </reporter-output>
        </test-method> <!-- createNode -->
        <test-method is-config="true" signature="setUp()[pri:0, instance:ui.tests.home.QA_001_ValidateNoCompanyLoadedButton@3ad2e17]" started-at="2023-06-07T09:25:16 IST" name="setUp" finished-at="2023-06-07T09:25:28 IST" duration-ms="12277" status="PASS">
          <reporter-output>
          </reporter-output>
        </test-method> <!-- setUp -->
        <test-method signature="validateButton()[pri:0, instance:ui.tests.home.QA_001_ValidateNoCompanyLoadedButton@3ad2e17]" started-at="2023-06-07T09:25:28 IST" name="validateButton" finished-at="2023-06-07T09:25:46 IST" duration-ms="18264" status="PASS">
          <reporter-output>
          </reporter-output>
        </test-method> <!-- validateButton -->
        <test-method is-config="true" signature="tearDown()[pri:0, instance:ui.tests.home.QA_001_ValidateNoCompanyLoadedButton@3ad2e17]" started-at="2023-06-07T09:25:47 IST" name="tearDown" finished-at="2023-06-07T09:25:47 IST" duration-ms="102" status="PASS">
          <reporter-output>
          </reporter-output>
        </test-method> <!-- tearDown -->
      </class> <!-- ui.tests.home.QA_001_ValidateNoCompanyLoadedButton -->
    </test> <!-- 1 -->
  </suite> <!-- Suite -->
</testng-results>
